# JRE version: OpenJDK Runtime Environment (13.0.2+8) (build 13.0.2+8)
# Java VM: OpenJDK 64-Bit Server VM (13.0.2+8, mixed mode, tiered, compressed oops, g1 gc, linux-amd64)
Heap:
 garbage-first heap   total 151552K, used 18473K [0x0000000705c00000, 0x0000000800000000)
  region size 1024K, 11 young (11264K), 2 survivors (2048K)
 Metaspace       used 26062K, capacity 26672K, committed 26800K, reserved 1073152K
  class space    used 3089K, capacity 3302K, committed 3328K, reserved 1048576K
GC Heap History (10 events):
Event: 0.491 GC heap before
{Heap before GC invocations=0 (full 0):
 garbage-first heap   total 258048K, used 25600K [0x0000000705c00000, 0x0000000800000000)
  region size 1024K, 24 young (24576K), 0 survivors (0K)
 Metaspace       used 14265K, capacity 14564K, committed 14976K, reserved 1062912K
  class space    used 1468K, capacity 1582K, committed 1664K, reserved 1048576K
}
Event: 0.496 GC heap after
{Heap after GC invocations=1 (full 0):
 garbage-first heap   total 258048K, used 7127K [0x0000000705c00000, 0x0000000800000000)
  region size 1024K, 3 young (3072K), 3 survivors (3072K)
 Metaspace       used 14265K, capacity 14564K, committed 14976K, reserved 1062912K
  class space    used 1468K, capacity 1582K, committed 1664K, reserved 1048576K
}
Event: 0.743 GC heap before
{Heap before GC invocations=1 (full 0):
 garbage-first heap   total 258048K, used 90071K [0x0000000705c00000, 0x0000000800000000)
  region size 1024K, 86 young (88064K), 3 survivors (3072K)
 Metaspace       used 20674K, capacity 21065K, committed 21296K, reserved 1069056K
  class space    used 2403K, capacity 2561K, committed 2688K, reserved 1048576K
}
Event: 0.747 GC heap after
{Heap after GC invocations=2 (full 0):
 garbage-first heap   total 258048K, used 8797K [0x0000000705c00000, 0x0000000800000000)
  region size 1024K, 5 young (5120K), 5 survivors (5120K)
 Metaspace       used 20674K, capacity 21065K, committed 21296K, reserved 1069056K
  class space    used 2403K, capacity 2561K, committed 2688K, reserved 1048576K
}
Event: 0.938 GC heap before
{Heap before GC invocations=3 (full 0):
 garbage-first heap   total 37888K, used 37469K [0x0000000705c00000, 0x0000000800000000)
  region size 1024K, 33 young (33792K), 5 survivors (5120K)
 Metaspace       used 25199K, capacity 25786K, committed 25904K, reserved 1073152K
  class space    used 2993K, capacity 3197K, committed 3200K, reserved 1048576K
}
Event: 0.943 GC heap after
{Heap after GC invocations=4 (full 0):
 garbage-first heap   total 45056K, used 10168K [0x0000000705c00000, 0x0000000800000000)
  region size 1024K, 4 young (4096K), 4 survivors (4096K)
 Metaspace       used 25199K, capacity 25786K, committed 25904K, reserved 1073152K
  class space    used 2993K, capacity 3197K, committed 3200K, reserved 1048576K
}
Event: 0.972 GC heap before
{Heap before GC invocations=4 (full 0):
 garbage-first heap   total 45056K, used 28600K [0x0000000705c00000, 0x0000000800000000)
  region size 1024K, 23 young (23552K), 4 survivors (4096K)
 Metaspace       used 25508K, capacity 26076K, committed 26288K, reserved 1073152K
  class space    used 3023K, capacity 3231K, committed 3328K, reserved 1048576K
}
Event: 0.974 GC heap after
{Heap after GC invocations=5 (full 0):
 garbage-first heap   total 45056K, used 10444K [0x0000000705c00000, 0x0000000800000000)
  region size 1024K, 2 young (2048K), 2 survivors (2048K)
 Metaspace       used 25508K, capacity 26076K, committed 26288K, reserved 1073152K
  class space    used 3023K, capacity 3231K, committed 3328K, reserved 1048576K
}
Event: 0.978 GC heap before
{Heap before GC invocations=5 (full 0):
 garbage-first heap   total 45056K, used 29900K [0x0000000705c00000, 0x0000000800000000)
  region size 1024K, 22 young (22528K), 2 survivors (2048K)
 Metaspace       used 25508K, capacity 26076K, committed 26288K, reserved 1073152K
  class space    used 3023K, capacity 3231K, committed 3328K, reserved 1048576K
}
Event: 0.980 GC heap after
{Heap after GC invocations=6 (full 0):
 garbage-first heap   total 151552K, used 10281K [0x0000000705c00000, 0x0000000800000000)
  region size 1024K, 2 young (2048K), 2 survivors (2048K)
 Metaspace       used 25508K, capacity 26076K, committed 26288K, reserved 1073152K
  class space    used 3023K, capacity 3231K, committed 3328K, reserved 1048576K
}

